
Showing logs for build [32mcb-kubecd-environment-pr-126-4-bzspw-1[0m stage [32mfrom-build-pack[0m and container [32mstep-credential-initializer-r8l8p[0m
{"level":"warn","ts":1578334086.1983488,"logger":"fallback-logger","caller":"logging/config.go:69","msg":"Fetch GitHub commit ID from kodata failed: \"ref: refs/heads/master\" is not a valid GitHub commit ID"}
{"level":"info","ts":1578334086.199808,"logger":"fallback-logger","caller":"creds-init/main.go:40","msg":"Credentials initialized."}

Showing logs for build [32mcb-kubecd-environment-pr-126-4-bzspw-1[0m stage [32mfrom-build-pack[0m and container [32mstep-working-dir-initializer-mwjcz[0m
{"level":"warn","ts":1578334087.1193957,"logger":"fallback-logger","caller":"logging/config.go:69","msg":"Fetch GitHub commit ID from kodata failed: open /var/run/ko/HEAD: no such file or directory"}
{"level":"info","ts":1578334087.1216807,"logger":"fallback-logger","caller":"bash/main.go:65","msg":"Successfully executed command \"mkdir -p /workspace/source\""}

Showing logs for build [32mcb-kubecd-environment-pr-126-4-bzspw-1[0m stage [32mfrom-build-pack[0m and container [32mstep-place-tools[0m

Showing logs for build [32mcb-kubecd-environment-pr-126-4-bzspw-1[0m stage [32mfrom-build-pack[0m and container [32mstep-git-source-cb-kubecd-environment-pr-126-4-n9c4g[0m
{"level":"warn","ts":1578334093.2197354,"logger":"fallback-logger","caller":"logging/config.go:69","msg":"Fetch GitHub commit ID from kodata failed: \"ref: refs/heads/master\" is not a valid GitHub commit ID"}
{"level":"info","ts":1578334094.324223,"logger":"fallback-logger","caller":"git/git.go:102","msg":"Successfully cloned https://github.com/cb-kubecd/environment-pr-126-4-gke-upgrade-production.git @ master in path /workspace/source"}

Showing logs for build [32mcb-kubecd-environment-pr-126-4-bzspw-1[0m stage [32mfrom-build-pack[0m and container [32mstep-git-merge[0m
Using SHAs from PULL_REFS=master:848c5f4479343d692c8f298cfd9d0f18a41cea16,1:9831e42b17218c10f718fb3bbe04aa694e9132b3
DEBUG: ran git fetch --unshallow origin 9831e42b17218c10f718fb3bbe04aa694e9132b3: 848c5f4479343d692c8f298cfd9d0f18a41cea16: in 
DEBUG: ran git checkout master in 
DEBUG: ran git reset --hard 848c5f4479343d692c8f298cfd9d0f18a41cea16 in 
DEBUG: ran clean --force -d . in 
DEBUG: ran git merge 9831e42b17218c10f718fb3bbe04aa694e9132b3 in 
Merged SHA 9831e42b17218c10f718fb3bbe04aa694e9132b3 with commit message 'chore: Promote bdd-spring-1578332660 to version 0.0.1' into base branch master

Showing logs for build [32mcb-kubecd-environment-pr-126-4-bzspw-1[0m stage [32mfrom-build-pack[0m and container [32mstep-build-helm-build[0m
WARNING: No $CHART_REPOSITORY defined so using the default value of: http://jenkins-x-chartmuseum:8080
Adding missing Helm repo: storage.googleapis.com https://storage.googleapis.com/chartmuseum.jenkins-x.io
Read credentials for https://storage.googleapis.com/chartmuseum.jenkins-x.io from vault helm/repos
Successfully added Helm repository storage.googleapis.com.
Adding missing Helm repo: jenkins-x-chartmuseum http://jenkins-x-chartmuseum:8080
Read credentials for http://jenkins-x-chartmuseum:8080 from vault helm/repos
Successfully added Helm repository jenkins-x-chartmuseum.
WARNING: No $CHART_REPOSITORY defined so using the default value of: http://jenkins-x-chartmuseum:8080
Adding missing Helm repo: chartmuseum.jenkins-x.io http://chartmuseum.jenkins-x.io
Read credentials for http://chartmuseum.jenkins-x.io from vault helm/repos
Successfully added Helm repository chartmuseum.jenkins-x.io.
